<?xml version="1.0" encoding="UTF-8"?>
<!-- Generated by org.testng.reporters.JUnitReportReporter -->
<testsuite hostname="LAPTOP-H8GD1N65" failures="0" tests="1" name="Test_Runner.TestNG_ReRunner" time="20.964" errors="0" timestamp="2024-12-24T13:31:57 IST" skipped="0">
  <testcase classname="Test_Runner.TestNG_ReRunner" name="runScenario" time="20.964"/>
  <system-out/>
</testsuite> <!-- Test_Runner.TestNG_ReRunner -->
