<?xml version="1.0" encoding="UTF-8"?>
<!-- Generated by org.testng.reporters.JUnitReportReporter -->
<testsuite hostname="LAPTOP-H8GD1N65" failures="0" tests="2" name="Test_Runner.TestNG_TestRunner" time="19.689" errors="0" timestamp="2024-12-24T00:41:54 IST" skipped="0">
  <testcase classname="Test_Runner.TestNG_TestRunner" name="runScenario" time="19.676"/>
  <system-out/>
  <testcase classname="Test_Runner.TestNG_TestRunner" name="runScenario" time="0.013"/>
  <system-out/>
</testsuite> <!-- Test_Runner.TestNG_TestRunner -->
